#
# There is insufficient memory for the Java Runtime Environment to continue.
# Native memory allocation (malloc) failed to allocate 1048576 bytes for AllocateHeap
# Possible reasons:
#   The system is out of physical RAM or swap space
#   In 32 bit mode, the process size limit was hit
# Possible solutions:
#   Reduce memory load on the system
#   Increase physical memory or swap space
#   Check if swap backing store is full
#   Use 64 bit Java on a 64 bit OS
#   Decrease Java heap size (-Xmx/-Xms)
#   Decrease number of Java threads
#   Decrease Java thread stack sizes (-Xss)
#   Set larger code cache with -XX:ReservedCodeCacheSize=
# This output file may be truncated or incomplete.
#
#  Out of Memory Error (memory/allocation.inline.hpp:62), pid=7692, tid=8084
#
# JRE version:  (8.0_11-b12) (build )
# Java VM: Java HotSpot(TM) 64-Bit Server VM (25.11-b03 mixed mode windows-amd64 compressed oops)
# Failed to write core dump. Minidumps are not enabled by default on client versions of Windows
#

---------------  T H R E A D  ---------------

Current thread (0x0000000002e10800):  JavaThread "Unknown thread" [_thread_in_vm, id=8084, stack(0x0000000002ce0000,0x0000000002de0000)]

Stack: [0x0000000002ce0000,0x0000000002de0000]
[error occurred during error reporting (printing stack bounds), id 0xc0000005]

Native frames: (J=compiled Java code, j=interpreted, Vv=VM code, C=native code)
V  [jvm.dll+0x308eca]
V  [jvm.dll+0x25e121]
V  [jvm.dll+0x25ed33]
V  [jvm.dll+0x27eb54]
C  [KERNELBASE.dll+0xde1b6]
C  [ntdll.dll+0xa8114]
C  [ntdll.dll+0x8988f]
C  [ntdll.dll+0x9a77d]
C  [ntdll.dll+0x429fb]
C  [ntdll.dll+0x9993e]
V  [jvm.dll+0x1fdfe1]


---------------  P R O C E S S  ---------------

Java Threads: ( => current thread )

Other Threads:

=>0x0000000002e10800 (exited) JavaThread "Unknown thread" [_thread_in_vm, id=8084, stack(0x0000000002ce0000,0x0000000002de0000)]

VM state:not at safepoint (normal execution)

VM Mutex/Monitor currently owned by a thread: None

Heap:
 PSYoungGen      total 1024K, used 20K [0x000000076b180000, 0x000000076b300000, 0x00000007c0000000)
  eden space 512K, 4% used [0x000000076b180000,0x000000076b185288,0x000000076b200000)
  from space 512K, 0% used [0x000000076b280000,0x000000076b280000,0x000000076b300000)
  to   space 512K, 0% used [0x000000076b200000,0x000000076b200000,0x000000076b280000)
 ParOldGen       total 260608K, used 0K [0x00000006c1400000, 0x00000006d1280000, 0x000000076b180000)
  object space 260608K, 0% used [0x00000006c1400000,0x00000006c1400000,0x00000006d1280000)
 Metaspace       used 674K, capacity 4480K, committed 4480K, reserved 1056768K
  class space    used 66K, capacity 384K, committed 384K, reserved 1048576K

Card table byte_map: [0x00000000122d0000,0x0000000012ad0000] byte_map_base: 0x000000000ecc6000

Marking Bits: (ParMarkBitMap*) 0x00000000645e12b0
 Begin Bits: [0x0000000013420000, 0x00000000173d0000)
 End Bits:   [0x00000000173d0000, 0x000000001b380000)

Polling page: 0x00000000010a0000

CodeCache: size=245760Kb used=327Kb max_used=327Kb free=245432Kb
 bounds [0x0000000002f10000, 0x0000000003180000, 0x0000000011f10000]
 total_blobs=56 nmethods=0 adapters=37
 compilation: enabled

Compilation events (0 events):
No events

GC Heap History (0 events):
No events

Deoptimization events (0 events):
No events

Internal exceptions (0 events):
No events

Events (10 events):
Event: 0.013 loading class java/lang/Short
Event: 0.013 loading class java/lang/Short done
Event: 0.013 loading class java/lang/Integer
Event: 0.013 loading class java/lang/Integer done
Event: 0.013 loading class java/lang/Long
Event: 0.013 loading class java/lang/Long done
Event: 0.014 loading class java/lang/NullPointerException
Event: 0.014 loading class java/lang/NullPointerException done
Event: 0.014 loading class java/lang/ArithmeticException
Event: 0.014 loading class java/lang/ArithmeticException done


Dynamic libraries:
0x00007ff784630000 - 0x00007ff784664000 	C:\Program Files\Java\jdk1.8.0_11\bin\javaw.exe
0x00007ff8a46f0000 - 0x00007ff8a4899000 	C:\Windows\SYSTEM32\ntdll.dll
0x00007ff8a4240000 - 0x00007ff8a437a000 	C:\Windows\system32\KERNEL32.DLL
0x00007ff8a1dd0000 - 0x00007ff8a1edf000 	C:\Windows\system32\KERNELBASE.dll
0x00007ff8a44a0000 - 0x00007ff8a4545000 	C:\Windows\system32\ADVAPI32.dll
0x00007ff8a2b60000 - 0x00007ff8a2cd1000 	C:\Windows\system32\USER32.dll
0x00007ff89f820000 - 0x00007ff89fa7a000 	C:\Windows\WinSxS\amd64_microsoft.windows.common-controls_6595b64144ccf1df_6.0.9600.16384_none_62475f7becb72503\COMCTL32.dll
0x00007ff8a2480000 - 0x00007ff8a2527000 	C:\Windows\system32\msvcrt.dll
0x00007ff8a21f0000 - 0x00007ff8a2247000 	C:\Windows\SYSTEM32\sechost.dll
0x00007ff8a2710000 - 0x00007ff8a2846000 	C:\Windows\system32\RPCRT4.dll
0x00007ff8a2ce0000 - 0x00007ff8a2e25000 	C:\Windows\system32\GDI32.dll
0x00007ff8a21b0000 - 0x00007ff8a21e4000 	C:\Windows\system32\IMM32.DLL
0x00007ff8a2290000 - 0x00007ff8a23c9000 	C:\Windows\system32\MSCTF.dll
0x0000000064660000 - 0x0000000064732000 	C:\Program Files\Java\jdk1.8.0_11\jre\bin\msvcr100.dll
0x0000000063e30000 - 0x000000006465a000 	C:\Program Files\Java\jdk1.8.0_11\jre\bin\server\jvm.dll
0x00007ff8961a0000 - 0x00007ff8961a9000 	C:\Windows\SYSTEM32\WSOCK32.dll
0x00007ff897f80000 - 0x00007ff897f9f000 	C:\Windows\SYSTEM32\WINMM.dll
0x00007ff8a2470000 - 0x00007ff8a2477000 	C:\Windows\system32\PSAPI.DLL
0x00007ff8a4380000 - 0x00007ff8a43d8000 	C:\Windows\system32\WS2_32.dll
0x00007ff897f50000 - 0x00007ff897f7a000 	C:\Windows\SYSTEM32\WINMMBASE.dll
0x00007ff8a2280000 - 0x00007ff8a2289000 	C:\Windows\system32\NSI.dll
0x00007ff8a1f30000 - 0x00007ff8a1f7a000 	C:\Windows\SYSTEM32\cfgmgr32.dll
0x00007ff8a0900000 - 0x00007ff8a0926000 	C:\Windows\SYSTEM32\DEVOBJ.dll
0x0000000063e20000 - 0x0000000063e2f000 	C:\Program Files\Java\jdk1.8.0_11\jre\bin\verify.dll
0x0000000063df0000 - 0x0000000063e18000 	C:\Program Files\Java\jdk1.8.0_11\jre\bin\java.dll
0x0000000063dd0000 - 0x0000000063de6000 	C:\Program Files\Java\jdk1.8.0_11\jre\bin\zip.dll
0x00007ff893960000 - 0x00007ff893ae8000 	C:\Windows\SYSTEM32\dbghelp.dll

VM Arguments:
jvm_args: -Dfile.encoding=GBK 
java_command: degreefinder.degree
java_class_path (initial): C:\Max\workspace\degreefinder\bin
Launcher Type: SUN_STANDARD

Environment Variables:
PATH=C:/Program Files/Java/jre1.8.0_65/bin/server;C:/Program Files/Java/jre1.8.0_65/bin;C:/Program Files/Java/jre1.8.0_65/lib/amd64;C:\Program Files (x86)\ActiveState Komodo Edit 9\;C:\ProgramData\Oracle\Java\javapath;C:\Program Files (x86)\Intel\iCLS Client\;C:\Program Files\Intel\iCLS Client\;C:\Windows\system32;C:\Windows;C:\Windows\System32\Wbem;C:\Windows\System32\WindowsPowerShell\v1.0\;C:\Program Files (x86)\ATI Technologies\ATI.ACE\Core-Static;C:\Program Files (x86)\Common Files\Acronis\SnapAPI\;C:\Program Files (x86)\hdparm;C:\cygwin64\bin;C:\Program Files\Java\jdk1.8.0_11\bin;C:\adb;C:\Program Files\Intel\Intel(R) Management Engine Components\DAL;C:\Program Files\Intel\Intel(R) Management Engine Components\IPT;C:\Program Files (x86)\Intel\Intel(R) Management Engine Components\DAL;C:\Program Files (x86)\Intel\Intel(R) Management Engine Components\IPT;C:\Program Files (x86)\SlickEditV15.0.1\win\;C:\Program Files (x86)\IDM Computer Solutions\UltraEdit\;C:\eclipse;
USERNAME=Administrator
OS=Windows_NT
PROCESSOR_IDENTIFIER=Intel64 Family 6 Model 60 Stepping 3, GenuineIntel



---------------  S Y S T E M  ---------------

OS: Windows 8.1 , 64 bit Build 9600 

CPU:total 4 (4 cores per cpu, 1 threads per core) family 6 model 60 stepping 3, cmov, cx8, fxsr, mmx, sse, sse2, sse3, ssse3, sse4.1, sse4.2, popcnt, avx, avx2, aes, clmul, erms, tsc, tscinvbit

Memory: 4k page, physical 16692152k(11363216k free), swap 16692152k(5180k free)

vm_info: Java HotSpot(TM) 64-Bit Server VM (25.11-b03) for windows-amd64 JRE (1.8.0_11-b12), built on Jun 16 2014 20:57:32 by "java_re" with MS VC++ 10.0 (VS2010)

time: Thu Mar 24 18:49:00 2016
elapsed time: 0 seconds

